<?xml version="1.0" encoding="UTF-8" ?>
<testsuites disabled="0" errors="0" failures="1" tests="9" time="201.907">
 <testsuite name="Navigate to Covid19 Patient List of Patienteer Web App : " timestamp="2020-06-02T11:03:24" hostname="localhost" time="201.907" errors="0" tests="9" skipped="0" disabled="0" failures="1">
  <testcase classname="Navigate to Covid19 Patient List of Patienteer Web App : " name="Opens Patienteer Web App Login page" time="27.068" />
  <testcase classname="Navigate to Covid19 Patient List of Patienteer Web App : " name="Logs In registered User to Patienteer Web App" time="10.619" />
  <testcase classname="Navigate to Covid19 Patient List of Patienteer Web App : " name="Navigates to COVID19 Patient List" time="20.711" />
  <testcase classname="Navigate to Covid19 Patient List of Patienteer Web App : " name="Verify that Patient List Table has the correct columns" time="6.673">
   <failure type="exception" message="WebDriverError: element click intercepted: Element &lt;th _ngcontent-c38=&quot;&quot; ng-reflect-ng-style=&quot;[object Object]&quot; ng-reflect-field=&quot;Location&quot; class=&quot;ui-sortable-column ng-star-inserted&quot; style=&quot;width: 150px;&quot;&gt;...&lt;/th&gt; is not clickable at point (62, 573). Other element would receive the click: &lt;div _ngcontent-c2=&quot;&quot; class=&quot;overlay&quot; style=&quot;display: block;&quot;&gt;&lt;/div&gt;
  (Session info: chrome=83.0.4103.61)
  (Driver info: chromedriver=83.0.4103.14 (be04594a2b8411758b860104bc0a1033417178be-refs/branch-heads/4103@{#119}),platform=Windows NT 10.0.18363 x86_64)"><![CDATA[WebDriverError: element click intercepted: Element <th _ngcontent-c38="" ng-reflect-ng-style="[object Object]" ng-reflect-field="Location" class="ui-sortable-column ng-star-inserted" style="width: 150px;">...</th> is not clickable at point (62, 573). Other element would receive the click: <div _ngcontent-c2="" class="overlay" style="display: block;"></div>
  (Session info: chrome=83.0.4103.61)
  (Driver info: chromedriver=83.0.4103.14 (be04594a2b8411758b860104bc0a1033417178be-refs/branch-heads/4103@{#119}),platform=Windows NT 10.0.18363 x86_64)
    at Object.checkLegacyResponse (C:\Users\rtonolete\Desktop\ProtractorPOC_Patienteer\PatienteerPOC\node_modules\selenium-webdriver\lib\error.js:546:15)
    at parseHttpResponse (C:\Users\rtonolete\Desktop\ProtractorPOC_Patienteer\PatienteerPOC\node_modules\selenium-webdriver\lib\http.js:509:13)
    at C:\Users\rtonolete\Desktop\ProtractorPOC_Patienteer\PatienteerPOC\node_modules\selenium-webdriver\lib\http.js:441:30
    at processTicksAndRejections (internal/process/task_queues.js:97:5)
From: Task: WebElement.click()
    at Driver.schedule (C:\Users\rtonolete\Desktop\ProtractorPOC_Patienteer\PatienteerPOC\node_modules\selenium-webdriver\lib\webdriver.js:807:17)
    at WebElement.schedule_ (C:\Users\rtonolete\Desktop\ProtractorPOC_Patienteer\PatienteerPOC\node_modules\selenium-webdriver\lib\webdriver.js:2010:25)
    at WebElement.click (C:\Users\rtonolete\Desktop\ProtractorPOC_Patienteer\PatienteerPOC\node_modules\selenium-webdriver\lib\webdriver.js:2092:17)
    at actionFn (C:\Users\rtonolete\Desktop\ProtractorPOC_Patienteer\PatienteerPOC\node_modules\protractor\built\element.js:89:44)
    at Array.map (<anonymous>)
    at C:\Users\rtonolete\Desktop\ProtractorPOC_Patienteer\PatienteerPOC\node_modules\protractor\built\element.js:461:65
    at ManagedPromise.invokeCallback_ (C:\Users\rtonolete\Desktop\ProtractorPOC_Patienteer\PatienteerPOC\node_modules\selenium-webdriver\lib\promise.js:1376:14)
    at TaskQueue.execute_ (C:\Users\rtonolete\Desktop\ProtractorPOC_Patienteer\PatienteerPOC\node_modules\selenium-webdriver\lib\promise.js:3084:14)
    at TaskQueue.executeNext_ (C:\Users\rtonolete\Desktop\ProtractorPOC_Patienteer\PatienteerPOC\node_modules\selenium-webdriver\lib\promise.js:3067:27)
    at C:\Users\rtonolete\Desktop\ProtractorPOC_Patienteer\PatienteerPOC\node_modules\selenium-webdriver\lib\promise.js:2927:27Error
    at ElementArrayFinder.applyAction_ (C:\Users\rtonolete\Desktop\ProtractorPOC_Patienteer\PatienteerPOC\node_modules\protractor\built\element.js:459:27)
    at ElementArrayFinder.<computed> [as click] (C:\Users\rtonolete\Desktop\ProtractorPOC_Patienteer\PatienteerPOC\node_modules\protractor\built\element.js:91:29)
    at ElementFinder.<computed> [as click] (C:\Users\rtonolete\Desktop\ProtractorPOC_Patienteer\PatienteerPOC\node_modules\protractor\built\element.js:831:22)
    at UserContext.<anonymous> (C:\Users\rtonolete\Desktop\ProtractorPOC_Patienteer\PatienteerPOC\Test\covid19PatientList_spec.js:69:20)]]>
   </failure>
  </testcase>
  <testcase classname="Navigate to Covid19 Patient List of Patienteer Web App : " name="Filters by suspected" time="35.118" />
  <testcase classname="Navigate to Covid19 Patient List of Patienteer Web App : " name="Displays number of patients per Department" time="29.342" />
  <testcase classname="Navigate to Covid19 Patient List of Patienteer Web App : " name="Filters by positive" time="22.635" />
  <testcase classname="Navigate to Covid19 Patient List of Patienteer Web App : " name="Resets Filters" time="24.139" />
  <testcase classname="Navigate to Covid19 Patient List of Patienteer Web App : " name="Logs out user from Patienteer Web App" time="25.599" />
 </testsuite>
</testsuites>